<?xml version="1.0" encoding="UTF-8"?>
<testng-results ignored="0" total="1" passed="1" failed="0" skipped="0">
  <reporter-output>
  </reporter-output>
  <suite started-at="2026-07-18T10:08:25 IST" name="Default suite" finished-at="2026-07-18T10:08:47 IST" duration-ms="22583">
    <groups>
    </groups>
    <test started-at="2026-07-18T10:08:25 IST" name="Default test" finished-at="2026-07-18T10:08:47 IST" duration-ms="22583">
      <class name="com.actions.MouseOverMoment">
        <test-method signature="mouseover()[pri:0, instance:com.actions.MouseOverMoment@72967906]" started-at="2026-07-18T10:08:25 IST" name="mouseover" finished-at="2026-07-18T10:08:47 IST" duration-ms="22551" status="PASS">
          <reporter-output>
          </reporter-output>
        </test-method> <!-- mouseover -->
      </class> <!-- com.actions.MouseOverMoment -->
    </test> <!-- Default test -->
  </suite> <!-- Default suite -->
</testng-results>
