<?xml version="1.0" encoding="UTF-8"?>
<testng-results ignored="0" total="1" passed="1" failed="0" skipped="0">
  <reporter-output>
  </reporter-output>
  <suite started-at="2026-07-17T15:14:24 IST" name="Default suite" finished-at="2026-07-17T15:14:40 IST" duration-ms="15830">
    <groups>
    </groups>
    <test started-at="2026-07-17T15:14:24 IST" name="Default test" finished-at="2026-07-17T15:14:40 IST" duration-ms="15830">
      <class name="com.actions.DemoTest">
        <test-method signature="SpiceJet()[pri:0, instance:com.actions.DemoTest@72967906]" started-at="2026-07-17T15:14:24 IST" name="SpiceJet" finished-at="2026-07-17T15:14:40 IST" duration-ms="15801" status="PASS">
          <reporter-output>
          </reporter-output>
        </test-method> <!-- SpiceJet -->
      </class> <!-- com.actions.DemoTest -->
    </test> <!-- Default test -->
  </suite> <!-- Default suite -->
</testng-results>
