<?xml version="1.0" encoding="UTF-8"?>
<!-- Generated by org.testng.reporters.JUnitXMLReporter -->
<testsuite ignored="0" hostname="PROTOTYPE-Z" failures="0" tests="3" name="Guru99 Test Cases" time="33.96" errors="0" timestamp="2026-07-28T15:24:54 IST">
  <testcase classname="com.guru99.testcases.LoginTest" name="loginTest" time="1.999"/>
  <testcase classname="com.guru99.testcases.NewCustomerTest" name="newCustomerTest" time="8.525"/>
  <testcase classname="com.guru99.testcases.LogoutTest" name="logoutTest" time="3.87"/>
</testsuite> <!-- Guru99 Test Cases -->
