<?xml version="1.0" encoding="UTF-8"?>
<testng-results ignored="0" total="1" passed="1" failed="0" skipped="0">
  <reporter-output>
  </reporter-output>
  <suite started-at="2026-07-21T15:19:32 IST" name="Default suite" finished-at="2026-07-21T15:19:32 IST" duration-ms="468">
    <groups>
    </groups>
    <test started-at="2026-07-21T15:19:32 IST" name="Default test" finished-at="2026-07-21T15:19:32 IST" duration-ms="468">
      <class name="com.JDBC.Connection.DatabaseTest">
        <test-method signature="testdatabaseconnection()[pri:0, instance:com.JDBC.Connection.DatabaseTest@6f1de4c7]" started-at="2026-07-21T15:19:32 IST" name="testdatabaseconnection" finished-at="2026-07-21T15:19:32 IST" duration-ms="437" status="PASS">
          <reporter-output>
          </reporter-output>
        </test-method> <!-- testdatabaseconnection -->
      </class> <!-- com.JDBC.Connection.DatabaseTest -->
    </test> <!-- Default test -->
  </suite> <!-- Default suite -->
</testng-results>
