<?xml version="1.0" encoding="UTF-8"?>
<!-- Generated by org.testng.reporters.JUnitReportReporter -->
<testsuite hostname="PROTOTYPE-Z" failures="2" tests="12" name="com.runner.TestRunner" time="458.687" errors="2" timestamp="2026-07-23T09:56:28 IST" skipped="0">
  <testcase classname="com.runner.TestRunner" name="runScenario" time="68.402">
    <error message="Expected condition failed: waiting for element to be clickable: By.xpath: //u[contains(text(),&#039;View Cart&#039;)] (tried for 15 second(s) with 500 milliseconds interval)
Build info: version: &#039;4.33.0&#039;, revision: &#039;2c6aaad03a&#039;
System info: os.name: &#039;Windows 11&#039;, os.arch: &#039;amd64&#039;, os.version: &#039;10.0&#039;, java.version: &#039;21.0.11&#039;
Driver info: org.openqa.selenium.chrome.ChromeDriver
Capabilities {acceptInsecureCerts: false, browserName: chrome, browserVersion: 150.0.7871.129, chrome: {chromedriverVersion: 150.0.7871.124 (9261fd0a595..., userDataDir: C:\Users\acayu\AppData\Loca...}, fedcm:accounts: true, goog:chromeOptions: {debuggerAddress: localhost:62263}, goog:processID: 25788, networkConnectionEnabled: false, pageLoadStrategy: normal, platformName: windows, proxy: Proxy(), se:cdp: ws://localhost:62263/devtoo..., se:cdpVersion: 150.0.7871.129, setWindowRect: true, strictFileInteractability: false, timeouts: {implicit: 0, pageLoad: 300000, script: 30000}, unhandledPromptBehavior: dismiss and notify, webauthn:extension:credBlob: true, webauthn:extension:largeBlob: true, webauthn:extension:minPinLength: true, webauthn:extension:prf: true, webauthn:virtualAuthenticators: true}
Session ID: f4bbd9e2d2b902eadabd6a3f23e0a25a" type="org.openqa.selenium.TimeoutException">
      <![CDATA[org.openqa.selenium.TimeoutException: Expected condition failed: waiting for element to be clickable: By.xpath: //u[contains(text(),'View Cart')] (tried for 15 second(s) with 500 milliseconds interval)
Build info: version: '4.33.0', revision: '2c6aaad03a'
System info: os.name: 'Windows 11', os.arch: 'amd64', os.version: '10.0', java.version: '21.0.11'
Driver info: org.openqa.selenium.chrome.ChromeDriver
Capabilities {acceptInsecureCerts: false, browserName: chrome, browserVersion: 150.0.7871.129, chrome: {chromedriverVersion: 150.0.7871.124 (9261fd0a595..., userDataDir: C:\Users\acayu\AppData\Loca...}, fedcm:accounts: true, goog:chromeOptions: {debuggerAddress: localhost:62263}, goog:processID: 25788, networkConnectionEnabled: false, pageLoadStrategy: normal, platformName: windows, proxy: Proxy(), se:cdp: ws://localhost:62263/devtoo..., se:cdpVersion: 150.0.7871.129, setWindowRect: true, strictFileInteractability: false, timeouts: {implicit: 0, pageLoad: 300000, script: 30000}, unhandledPromptBehavior: dismiss and notify, webauthn:extension:credBlob: true, webauthn:extension:largeBlob: true, webauthn:extension:minPinLength: true, webauthn:extension:prf: true, webauthn:virtualAuthenticators: true}
Session ID: f4bbd9e2d2b902eadabd6a3f23e0a25a
at org.openqa.selenium.support.ui.WebDriverWait.timeoutException(WebDriverWait.java:84)
at org.openqa.selenium.support.ui.FluentWait.until(FluentWait.java:228)
at com.pages.CartPage.clickViewCart(CartPage.java:131)
at com.stepdefinitions.CartSteps.user_clicks_view_cart(CartSteps.java:91)
at ✽.User clicks View Cart(file:///C:/Users/acayu/Ayush-Singh-Testing-Assignment/SeleniumAutomationTesting/CreateFeatureFileGherkinandBBDFrameworkUsingStepDefinitionClass/src/test/resources/features/cart.feature:22)
]]>
    </error>
  </testcase> <!-- runScenario -->
  <testcase classname="com.runner.TestRunner" name="runScenario" time="25.947">
    <error message="invalid argument: File not found : C:\\Users\\acayu\\Downloads\\sample.txt
  (Session info: chrome=150.0.7871.129)
Build info: version: &#039;4.33.0&#039;, revision: &#039;2c6aaad03a&#039;
System info: os.name: &#039;Windows 11&#039;, os.arch: &#039;amd64&#039;, os.version: &#039;10.0&#039;, java.version: &#039;21.0.11&#039;
Driver info: org.openqa.selenium.chrome.ChromeDriver
Command: [0066e95a68360cb00f94d6787089a8bb, sendKeysToElement {value=[Ljava.lang.CharSequence;@1578b8ec, id=f.52C28124687E7EC17EB66BBEC2381D9E.d.188F9D6096F8722409AABFD474EBC4F9.e.83}]
Capabilities {acceptInsecureCerts: false, browserName: chrome, browserVersion: 150.0.7871.129, chrome: {chromedriverVersion: 150.0.7871.124 (9261fd0a595..., userDataDir: C:\Users\acayu\AppData\Loca...}, fedcm:accounts: true, goog:chromeOptions: {debuggerAddress: localhost:50698}, goog:processID: 25868, networkConnectionEnabled: false, pageLoadStrategy: normal, platformName: windows, proxy: Proxy(), se:cdp: ws://localhost:50698/devtoo..., se:cdpVersion: 150.0.7871.129, setWindowRect: true, strictFileInteractability: false, timeouts: {implicit: 0, pageLoad: 300000, script: 30000}, unhandledPromptBehavior: dismiss and notify, webauthn:extension:credBlob: true, webauthn:extension:largeBlob: true, webauthn:extension:minPinLength: true, webauthn:extension:prf: true, webauthn:virtualAuthenticators: true}
Element: [[ChromeDriver: chrome on windows (0066e95a68360cb00f94d6787089a8bb)] -&gt; name: upload_file]
Session ID: 0066e95a68360cb00f94d6787089a8bb" type="org.openqa.selenium.InvalidArgumentException">
      <![CDATA[org.openqa.selenium.InvalidArgumentException: invalid argument: File not found : C:\\Users\\acayu\\Downloads\\sample.txt
  (Session info: chrome=150.0.7871.129)
Build info: version: '4.33.0', revision: '2c6aaad03a'
System info: os.name: 'Windows 11', os.arch: 'amd64', os.version: '10.0', java.version: '21.0.11'
Driver info: org.openqa.selenium.chrome.ChromeDriver
Command: [0066e95a68360cb00f94d6787089a8bb, sendKeysToElement {value=[Ljava.lang.CharSequence;@1578b8ec, id=f.52C28124687E7EC17EB66BBEC2381D9E.d.188F9D6096F8722409AABFD474EBC4F9.e.83}]
Capabilities {acceptInsecureCerts: false, browserName: chrome, browserVersion: 150.0.7871.129, chrome: {chromedriverVersion: 150.0.7871.124 (9261fd0a595..., userDataDir: C:\Users\acayu\AppData\Loca...}, fedcm:accounts: true, goog:chromeOptions: {debuggerAddress: localhost:50698}, goog:processID: 25868, networkConnectionEnabled: false, pageLoadStrategy: normal, platformName: windows, proxy: Proxy(), se:cdp: ws://localhost:50698/devtoo..., se:cdpVersion: 150.0.7871.129, setWindowRect: true, strictFileInteractability: false, timeouts: {implicit: 0, pageLoad: 300000, script: 30000}, unhandledPromptBehavior: dismiss and notify, webauthn:extension:credBlob: true, webauthn:extension:largeBlob: true, webauthn:extension:minPinLength: true, webauthn:extension:prf: true, webauthn:virtualAuthenticators: true}
Element: [[ChromeDriver: chrome on windows (0066e95a68360cb00f94d6787089a8bb)] -> name: upload_file]
Session ID: 0066e95a68360cb00f94d6787089a8bb
at java.base/jdk.internal.reflect.DirectConstructorHandleAccessor.newInstance(DirectConstructorHandleAccessor.java:62)
at java.base/java.lang.reflect.Constructor.newInstanceWithCaller(Constructor.java:502)
at java.base/java.lang.reflect.Constructor.newInstance(Constructor.java:486)
at org.openqa.selenium.remote.ErrorCodec.decode(ErrorCodec.java:167)
at org.openqa.selenium.remote.codec.w3c.W3CHttpResponseCodec.decode(W3CHttpResponseCodec.java:138)
at org.openqa.selenium.remote.codec.w3c.W3CHttpResponseCodec.decode(W3CHttpResponseCodec.java:50)
at org.openqa.selenium.remote.HttpCommandExecutor.execute(HttpCommandExecutor.java:215)
at org.openqa.selenium.remote.service.DriverCommandExecutor.invokeExecute(DriverCommandExecutor.java:216)
at org.openqa.selenium.remote.service.DriverCommandExecutor.execute(DriverCommandExecutor.java:174)
at org.openqa.selenium.remote.RemoteWebDriver.execute(RemoteWebDriver.java:544)
at org.openqa.selenium.remote.RemoteWebElement.execute(RemoteWebElement.java:223)
at org.openqa.selenium.remote.RemoteWebElement.sendKeys(RemoteWebElement.java:110)
at com.pages.ContactUsPage.uploadFile(ContactUsPage.java:81)
at com.stepdefinitions.ContactUsSteps.user_uploads_file(ContactUsSteps.java:63)
at ✽.User uploads file "C:\\Users\\acayu\\Downloads\\sample.txt"(file:///C:/Users/acayu/Ayush-Singh-Testing-Assignment/SeleniumAutomationTesting/CreateFeatureFileGherkinandBBDFrameworkUsingStepDefinitionClass/src/test/resources/features/ContactUs.feature:13)
]]>
    </error>
  </testcase> <!-- runScenario -->
  <testcase classname="com.runner.TestRunner" name="runScenario" time="51.232"/>
  <testcase classname="com.runner.TestRunner" name="runScenario" time="47.943">
    <failure message="expected [true] but found [false]" type="java.lang.AssertionError">
      <![CDATA[java.lang.AssertionError: expected [true] but found [false]
at org.testng.Assert.fail(Assert.java:111)
at org.testng.Assert.failNotEquals(Assert.java:1590)
at org.testng.Assert.assertTrue(Assert.java:57)
at org.testng.Assert.assertTrue(Assert.java:67)
at com.stepdefinitions.RegisterSteps.logged_in_as_username_should_be_displayed(RegisterSteps.java:229)
at ✽.Logged in as username should be displayed(file:///C:/Users/acayu/Ayush-Singh-Testing-Assignment/SeleniumAutomationTesting/CreateFeatureFileGherkinandBBDFrameworkUsingStepDefinitionClass/src/test/resources/features/Login.feature:11)
]]>
    </failure>
  </testcase> <!-- runScenario -->
  <testcase classname="com.runner.TestRunner" name="runScenario" time="14.360"/>
  <testcase classname="com.runner.TestRunner" name="runScenario" time="72.481"/>
  <testcase classname="com.runner.TestRunner" name="runScenario" time="70.620"/>
  <testcase classname="com.runner.TestRunner" name="runScenario" time="34.467">
    <failure message="expected [true] but found [false]" type="java.lang.AssertionError">
      <![CDATA[java.lang.AssertionError: expected [true] but found [false]
at org.testng.Assert.fail(Assert.java:111)
at org.testng.Assert.failNotEquals(Assert.java:1590)
at org.testng.Assert.assertTrue(Assert.java:57)
at org.testng.Assert.assertTrue(Assert.java:67)
at com.stepdefinitions.RegisterSteps.logged_in_as_username_should_be_displayed(RegisterSteps.java:229)
at ✽.Logged in as username should be displayed(file:///C:/Users/acayu/Ayush-Singh-Testing-Assignment/SeleniumAutomationTesting/CreateFeatureFileGherkinandBBDFrameworkUsingStepDefinitionClass/src/test/resources/features/Logout.feature:11)
]]>
    </failure>
  </testcase> <!-- runScenario -->
  <testcase classname="com.runner.TestRunner" name="runScenario" time="12.958"/>
  <testcase classname="com.runner.TestRunner" name="runScenario" time="13.935"/>
  <testcase classname="com.runner.TestRunner" name="runScenario" time="21.316"/>
  <testcase classname="com.runner.TestRunner" name="runScenario" time="25.026"/>
</testsuite> <!-- com.runner.TestRunner -->
