<?xml version="1.0" encoding="UTF-8"?>
<!-- Generated by org.testng.reporters.JUnitReportReporter -->
<testsuite hostname="PROTOTYPE-Z" failures="0" tests="3" name="com.runner.TestRunner" time="102.680" errors="0" timestamp="2026-07-23T01:02:07 IST" skipped="0">
  <testcase classname="com.runner.TestRunner" name="runScenario" time="64.812"/>
  <testcase classname="com.runner.TestRunner" name="runScenario" time="26.917"/>
  <testcase classname="com.runner.TestRunner" name="runScenario" time="10.951"/>
</testsuite> <!-- com.runner.TestRunner -->
