<?xml version="1.0" encoding="UTF-8"?>
<!-- Generated by org.testng.reporters.JUnitReportReporter -->
<testsuite hostname="PROTOTYPE-Z" failures="0" tests="3" name="com.WebDriverCommands.BrowserCommands" time="9.697" errors="0" timestamp="2026-07-14T16:18:50 IST" skipped="0">
  <testcase classname="com.WebDriverCommands.BrowserCommands" name="FireFoxBrowserTest" time="4.074"/>
  <testcase classname="com.WebDriverCommands.BrowserCommands" name="ChromeBrowserTest" time="3.216"/>
  <testcase classname="com.WebDriverCommands.BrowserCommands" name="EdgeBrowsertest" time="2.407"/>
</testsuite> <!-- com.WebDriverCommands.BrowserCommands -->
