<?xml version="1.0" encoding="UTF-8"?>
<!-- Generated by org.testng.reporters.JUnitXMLReporter -->
<testsuite ignored="0" hostname="PROTOTYPE-Z" failures="0" tests="1" name="Test" time="0.153" errors="0" timestamp="2026-07-20T16:08:04 IST">
  <testcase classname="com.JenkinsCICDDemoTest.JenkinsCICDTest" name="@BeforeMethod setup" time="-1.784543884822E9">
    <failure type="org.testng.TestNGException" message="
Parameter &amp;apos;browser&amp;apos; is required by BeforeMethod on method setup but has not been marked @Optional or defined
in C:\Users\acayu\Ayush-Singh-Testing-Assignment\SeleniumAutomationTesting\SeleniumWebDriver_CICD_Using_Jenkins\testng.xml">
      <![CDATA[org.testng.TestNGException: 
Parameter 'browser' is required by BeforeMethod on method setup but has not been marked @Optional or defined
in C:\Users\acayu\Ayush-Singh-Testing-Assignment\SeleniumAutomationTesting\SeleniumWebDriver_CICD_Using_Jenkins\testng.xml
at java.base/java.util.ArrayList.forEach(ArrayList.java:1596)
... Removed 28 stack frames]]>
    </failure>
  </testcase> <!-- @BeforeMethod setup -->
  <testcase classname="com.JenkinsCICDDemoTest.JenkinsCICDTest" name="@AfterMethod tearDown" time="0.0">
    <skipped/>
  </testcase> <!-- @AfterMethod tearDown -->
  <testcase classname="com.JenkinsCICDDemoTest.JenkinsCICDTest" name="NavigationTest" time="0.0">
    <skipped/>
  </testcase> <!-- NavigationTest -->
</testsuite> <!-- Test -->
