<?xml version="1.0" encoding="UTF-8"?>
<!-- Generated by org.testng.reporters.JUnitXMLReporter -->
<testsuite ignored="0" hostname="PROTOTYPE-Z" failures="1" tests="15" name="Test" time="218.531" errors="0" timestamp="2026-07-21T11:02:31 IST">
  <testcase classname="com.WebDriverCommands.CaseStudy3" name="chromeBrowserCommands" time="12.78"/>
  <testcase classname="com.WebDriverCommands.CaseStudy3" name="edgeBrowserCommands" time="7.531"/>
  <testcase classname="com.WebDriverCommands.CaseStudy3" name="firefoxBrowserCommands" time="14.848"/>
  <testcase classname="com.WebDriverCommands.BrowserCommands" name="FireFoxBrowserTest" time="4.047"/>
  <testcase classname="com.WebDriverCommands.BrowserCommands" name="ChromeBrowserTest" time="5.819"/>
  <testcase classname="com.WebDriverCommands.BrowserCommands" name="EdgeBrowsertest" time="70.164"/>
  <testcase classname="com.WebDriverCommands.CaseStudy2" name="chromeBrowserCommands" time="24.528"/>
  <testcase classname="com.WebDriverCommands.CaseStudy2" name="edgeBrowserCommands" time="12.168"/>
  <testcase classname="com.WebDriverCommands.CaseStudy2" name="firefoxBrowserCommands" time="12.783"/>
  <testcase classname="com.WebDriverCommands.CaseStudy7" name="headlessBrowserCommands" time="10.485">
    <failure type="java.nio.file.FileAlreadyExistsException" message="Screenshots\HeadlessHomePage.png">
      <![CDATA[java.nio.file.FileAlreadyExistsException: Screenshots\HeadlessHomePage.png
at java.base/sun.nio.fs.WindowsFileCopy.copy(WindowsFileCopy.java:133)
at java.base/sun.nio.fs.WindowsFileSystemProvider.copy(WindowsFileSystemProvider.java:282)
at java.base/java.nio.file.Files.copy(Files.java:1305)
at com.WebDriverCommands.CaseStudy7.headlessBrowserCommands(CaseStudy7.java:39)
at java.base/java.util.ArrayList.forEach(ArrayList.java:1596)
... Removed 25 stack frames]]>
    </failure>
  </testcase> <!-- headlessBrowserCommands -->
  <testcase classname="com.WebDriverCommands.CaseStudy6" name="chromeBrowserCommands" time="17.664"/>
  <testcase classname="com.WebDriverCommands.CaseStudy5" name="chromeBrowserCommands" time="3.548"/>
  <testcase classname="com.WebDriverCommands.CaseStudy4" name="chromeBrowserCommands" time="2.585"/>
  <testcase classname="com.WebDriverCommands.CaseStudy4" name="edgeBrowserCommands" time="2.73"/>
  <testcase classname="com.WebDriverCommands.CaseStudy4" name="firefoxBrowserCommands" time="16.699"/>
</testsuite> <!-- Test -->
