<?xml version="1.0" encoding="UTF-8"?>
<testng-results ignored="0" total="1" passed="1" failed="0" skipped="0">
  <reporter-output>
  </reporter-output>
  <suite started-at="2026-07-16T15:30:31 IST" name="Default suite" finished-at="2026-07-16T15:30:46 IST" duration-ms="15414">
    <groups>
    </groups>
    <test started-at="2026-07-16T15:30:31 IST" name="Default test" finished-at="2026-07-16T15:30:46 IST" duration-ms="15414">
      <class name="Utility.JavaScriptAlerts">
        <test-method signature="TestPopup()[pri:0, instance:Utility.JavaScriptAlerts@48f2bd5b]" started-at="2026-07-16T15:30:31 IST" name="TestPopup" finished-at="2026-07-16T15:30:46 IST" duration-ms="15385" status="PASS">
          <reporter-output>
          </reporter-output>
        </test-method> <!-- TestPopup -->
      </class> <!-- Utility.JavaScriptAlerts -->
    </test> <!-- Default test -->
  </suite> <!-- Default suite -->
</testng-results>
