<?xml version="1.0" encoding="UTF-8"?>
<testng-results ignored="0" total="3" passed="3" failed="0" skipped="0">
  <reporter-output>
  </reporter-output>
  <suite started-at="2026-07-28T15:24:20 IST" name="Guru99 Automation Suite" finished-at="2026-07-28T15:24:54 IST" duration-ms="33960">
    <groups>
    </groups>
    <test started-at="2026-07-28T15:24:20 IST" name="Guru99 Test Cases" finished-at="2026-07-28T15:24:54 IST" duration-ms="33960">
      <class name="com.guru99.testcases.LogoutTest">
        <test-method is-config="true" signature="setup()[pri:0, instance:com.guru99.testcases.LogoutTest@64b0598]" started-at="2026-07-28T15:24:45 IST" name="setup" finished-at="2026-07-28T15:24:50 IST" duration-ms="4579" status="PASS">
          <reporter-output>
          </reporter-output>
        </test-method> <!-- setup -->
        <test-method signature="logoutTest()[pri:0, instance:com.guru99.testcases.LogoutTest@64b0598]" started-at="2026-07-28T15:24:50 IST" name="logoutTest" finished-at="2026-07-28T15:24:54 IST" duration-ms="3870" status="PASS">
          <reporter-output>
          </reporter-output>
        </test-method> <!-- logoutTest -->
        <test-method is-config="true" signature="tearDown()[pri:0, instance:com.guru99.testcases.LogoutTest@64b0598]" started-at="2026-07-28T15:24:54 IST" name="tearDown" finished-at="2026-07-28T15:24:54 IST" duration-ms="114" status="PASS">
          <reporter-output>
          </reporter-output>
        </test-method> <!-- tearDown -->
      </class> <!-- com.guru99.testcases.LogoutTest -->
      <class name="com.guru99.testcases.NewCustomerTest">
        <test-method is-config="true" signature="setup()[pri:0, instance:com.guru99.testcases.NewCustomerTest@5167f57d]" started-at="2026-07-28T15:24:31 IST" name="setup" finished-at="2026-07-28T15:24:37 IST" duration-ms="5777" status="PASS">
          <reporter-output>
          </reporter-output>
        </test-method> <!-- setup -->
        <test-method signature="newCustomerTest()[pri:3, instance:com.guru99.testcases.NewCustomerTest@5167f57d]" started-at="2026-07-28T15:24:37 IST" name="newCustomerTest" finished-at="2026-07-28T15:24:45 IST" duration-ms="8525" status="PASS">
          <reporter-output>
          </reporter-output>
        </test-method> <!-- newCustomerTest -->
        <test-method is-config="true" signature="tearDown()[pri:0, instance:com.guru99.testcases.NewCustomerTest@5167f57d]" started-at="2026-07-28T15:24:45 IST" name="tearDown" finished-at="2026-07-28T15:24:45 IST" duration-ms="130" status="PASS">
          <reporter-output>
          </reporter-output>
        </test-method> <!-- tearDown -->
      </class> <!-- com.guru99.testcases.NewCustomerTest -->
      <class name="com.guru99.testcases.LoginTest">
        <test-method is-config="true" signature="setup()[pri:0, instance:com.guru99.testcases.LoginTest@41330d4f]" started-at="2026-07-28T15:24:20 IST" name="setup" finished-at="2026-07-28T15:24:29 IST" duration-ms="8709" status="PASS">
          <reporter-output>
          </reporter-output>
        </test-method> <!-- setup -->
        <test-method signature="loginTest()[pri:2, instance:com.guru99.testcases.LoginTest@41330d4f]" started-at="2026-07-28T15:24:29 IST" name="loginTest" finished-at="2026-07-28T15:24:31 IST" duration-ms="1999" status="PASS">
          <reporter-output>
          </reporter-output>
        </test-method> <!-- loginTest -->
        <test-method is-config="true" signature="tearDown()[pri:0, instance:com.guru99.testcases.LoginTest@41330d4f]" started-at="2026-07-28T15:24:31 IST" name="tearDown" finished-at="2026-07-28T15:24:31 IST" duration-ms="129" status="PASS">
          <reporter-output>
          </reporter-output>
        </test-method> <!-- tearDown -->
      </class> <!-- com.guru99.testcases.LoginTest -->
    </test> <!-- Guru99 Test Cases -->
  </suite> <!-- Guru99 Automation Suite -->
</testng-results>
