<?xml version="1.0" encoding="UTF-8"?>
<!-- Generated by org.testng.reporters.JUnitReportReporter -->
<testsuite hostname="PROTOTYPE-Z" failures="0" tests="3" name="com.WebDriverCommands.CaseStudy4" time="26.632" errors="0" timestamp="2026-07-20T15:26:53 IST" skipped="0">
  <testcase classname="com.WebDriverCommands.CaseStudy4" name="firefoxBrowserCommands" time="19.631"/>
  <testcase classname="com.WebDriverCommands.CaseStudy4" name="edgeBrowserCommands" time="2.877"/>
  <testcase classname="com.WebDriverCommands.CaseStudy4" name="chromeBrowserCommands" time="4.124"/>
</testsuite> <!-- com.WebDriverCommands.CaseStudy4 -->
