<?xml version="1.0" encoding="UTF-8"?>
<!-- Generated by org.testng.reporters.JUnitReportReporter -->
<testsuite hostname="PROTOTYPE-Z" failures="0" tests="3" name="com.WebDriverCommands.BrowserCommands" time="15.865" errors="0" timestamp="2026-07-21T10:25:59 IST" skipped="0">
  <testcase classname="com.WebDriverCommands.BrowserCommands" name="FireFoxBrowserTest" time="5.431"/>
  <testcase classname="com.WebDriverCommands.BrowserCommands" name="ChromeBrowserTest" time="5.585"/>
  <testcase classname="com.WebDriverCommands.BrowserCommands" name="EdgeBrowsertest" time="4.849"/>
</testsuite> <!-- com.WebDriverCommands.BrowserCommands -->
