<?xml version="1.0" encoding="UTF-8"?>
<!-- Generated by org.testng.reporters.JUnitReportReporter -->
<testsuite hostname="PROTOTYPE-Z" failures="0" tests="3" name="com.WebDriverCommands.CaseStudy4" time="14.578" errors="0" timestamp="2026-07-21T10:25:59 IST" skipped="0">
  <testcase classname="com.WebDriverCommands.CaseStudy4" name="edgeBrowserCommands" time="3.070"/>
  <testcase classname="com.WebDriverCommands.CaseStudy4" name="firefoxBrowserCommands" time="8.612"/>
  <testcase classname="com.WebDriverCommands.CaseStudy4" name="chromeBrowserCommands" time="2.896"/>
</testsuite> <!-- com.WebDriverCommands.CaseStudy4 -->
