<?xml version="1.0" encoding="UTF-8"?>
<!-- Generated by org.testng.reporters.JUnitReportReporter -->
<testsuite hostname="PROTOTYPE-Z" failures="0" tests="3" name="com.WebDriverCommands.CaseStudy2" time="30.968" errors="0" timestamp="2026-07-21T10:25:59 IST" skipped="0">
  <testcase classname="com.WebDriverCommands.CaseStudy2" name="edgeBrowserCommands" time="8.070"/>
  <testcase classname="com.WebDriverCommands.CaseStudy2" name="firefoxBrowserCommands" time="13.664"/>
  <testcase classname="com.WebDriverCommands.CaseStudy2" name="chromeBrowserCommands" time="9.234"/>
</testsuite> <!-- com.WebDriverCommands.CaseStudy2 -->
