<?xml version="1.0" encoding="UTF-8"?>
<!-- Generated by org.testng.reporters.JUnitReportReporter -->
<testsuite hostname="PROTOTYPE-Z" failures="0" tests="3" name="com.WebDriverCommands.CaseStudy2" time="27.115" errors="0" timestamp="2026-07-20T15:26:53 IST" skipped="0">
  <testcase classname="com.WebDriverCommands.CaseStudy2" name="chromeBrowserCommands" time="8.962"/>
  <testcase classname="com.WebDriverCommands.CaseStudy2" name="firefoxBrowserCommands" time="11.142"/>
  <testcase classname="com.WebDriverCommands.CaseStudy2" name="edgeBrowserCommands" time="7.011"/>
</testsuite> <!-- com.WebDriverCommands.CaseStudy2 -->
