<?xml version="1.0" encoding="UTF-8"?>
<!-- Generated by org.testng.reporters.JUnitReportReporter -->
<testsuite hostname="PROTOTYPE-Z" failures="0" tests="3" name="com.WebDriverCommands.CaseStudy3" time="33.372" errors="0" timestamp="2026-07-20T15:26:53 IST" skipped="0">
  <testcase classname="com.WebDriverCommands.CaseStudy3" name="edgeBrowserCommands" time="7.883"/>
  <testcase classname="com.WebDriverCommands.CaseStudy3" name="chromeBrowserCommands" time="15.449"/>
  <testcase classname="com.WebDriverCommands.CaseStudy3" name="firefoxBrowserCommands" time="10.040"/>
</testsuite> <!-- com.WebDriverCommands.CaseStudy3 -->
