<?xml version="1.0" encoding="UTF-8"?>
<!-- Generated by org.testng.reporters.JUnitReportReporter -->
<testsuite hostname="PROTOTYPE-Z" failures="0" tests="3" name="com.WebDriverCommands.CaseStudy3" time="33.570" errors="0" timestamp="2026-07-21T10:25:59 IST" skipped="0">
  <testcase classname="com.WebDriverCommands.CaseStudy3" name="chromeBrowserCommands" time="12.522"/>
  <testcase classname="com.WebDriverCommands.CaseStudy3" name="edgeBrowserCommands" time="8.108"/>
  <testcase classname="com.WebDriverCommands.CaseStudy3" name="firefoxBrowserCommands" time="12.940"/>
</testsuite> <!-- com.WebDriverCommands.CaseStudy3 -->
