<?xml version="1.0" encoding="UTF-8"?>
<!-- Generated by org.testng.reporters.JUnitXMLReporter -->
<testsuite ignored="0" hostname="PROTOTYPE-Z" failures="0" tests="3" name="Default test" time="9.736" errors="0" timestamp="2026-07-14T16:18:50 IST">
  <testcase classname="com.WebDriverCommands.BrowserCommands" name="FireFoxBrowserTest" time="4.074"/>
  <testcase classname="com.WebDriverCommands.BrowserCommands" name="ChromeBrowserTest" time="3.216"/>
  <testcase classname="com.WebDriverCommands.BrowserCommands" name="EdgeBrowsertest" time="2.407"/>
</testsuite> <!-- Default test -->
