<?xml version="1.0" encoding="UTF-8"?>
<testng-results ignored="0" total="3" passed="3" failed="0" skipped="0">
  <reporter-output>
  </reporter-output>
  <suite started-at="2026-07-14T16:18:40 IST" name="Default suite" finished-at="2026-07-14T16:18:50 IST" duration-ms="9736">
    <groups>
    </groups>
    <test started-at="2026-07-14T16:18:40 IST" name="Default test" finished-at="2026-07-14T16:18:50 IST" duration-ms="9736">
      <class name="com.WebDriverCommands.BrowserCommands">
        <test-method signature="FireFoxBrowserTest()[pri:0, instance:com.WebDriverCommands.BrowserCommands@7b2bbc3]" started-at="2026-07-14T16:18:40 IST" name="FireFoxBrowserTest" finished-at="2026-07-14T16:18:45 IST" duration-ms="4074" status="PASS">
          <reporter-output>
          </reporter-output>
        </test-method> <!-- FireFoxBrowserTest -->
        <test-method signature="ChromeBrowserTest()[pri:1, instance:com.WebDriverCommands.BrowserCommands@7b2bbc3]" started-at="2026-07-14T16:18:45 IST" name="ChromeBrowserTest" finished-at="2026-07-14T16:18:48 IST" duration-ms="3216" status="PASS">
          <reporter-output>
          </reporter-output>
        </test-method> <!-- ChromeBrowserTest -->
        <test-method signature="EdgeBrowsertest()[pri:2, instance:com.WebDriverCommands.BrowserCommands@7b2bbc3]" started-at="2026-07-14T16:18:48 IST" name="EdgeBrowsertest" finished-at="2026-07-14T16:18:50 IST" duration-ms="2407" status="PASS">
          <reporter-output>
          </reporter-output>
        </test-method> <!-- EdgeBrowsertest -->
      </class> <!-- com.WebDriverCommands.BrowserCommands -->
    </test> <!-- Default test -->
  </suite> <!-- Default suite -->
</testng-results>
