<?xml version="1.0" encoding="UTF-8"?>
<testng-results ignored="0" total="1" passed="1" failed="0" skipped="0">
  <reporter-output>
  </reporter-output>
  <suite started-at="2026-07-17T12:24:33 IST" name="Default suite" finished-at="2026-07-17T12:24:41 IST" duration-ms="8035">
    <groups>
    </groups>
    <test started-at="2026-07-17T12:24:33 IST" name="Default test" finished-at="2026-07-17T12:24:41 IST" duration-ms="8035">
      <class name="com.MultipleFrames.MultiFrames">
        <test-method signature="setup()[pri:0, instance:com.MultipleFrames.MultiFrames@55141def]" started-at="2026-07-17T12:24:33 IST" name="setup" finished-at="2026-07-17T12:24:41 IST" duration-ms="7992" status="PASS">
          <reporter-output>
          </reporter-output>
        </test-method> <!-- setup -->
      </class> <!-- com.MultipleFrames.MultiFrames -->
    </test> <!-- Default test -->
  </suite> <!-- Default suite -->
</testng-results>
