<?xml version="1.0" encoding="UTF-8"?>
<!-- Generated by org.testng.reporters.JUnitReportReporter -->
<testsuite hostname="PROTOTYPE-Z" failures="0" tests="3" name="com.NavigationCommands.BrowserNavigationCaseStudy" time="56.542" errors="0" timestamp="2026-07-16T10:00:09 IST" skipped="0">
  <testcase classname="com.NavigationCommands.BrowserNavigationCaseStudy" name="NavigationTest" time="20.140"/>
  <testcase classname="com.NavigationCommands.BrowserNavigationCaseStudy" name="NavigationTest" time="18.127"/>
  <testcase classname="com.NavigationCommands.BrowserNavigationCaseStudy" name="NavigationTest" time="18.275"/>
</testsuite> <!-- com.NavigationCommands.BrowserNavigationCaseStudy -->
