<?xml version="1.0" encoding="UTF-8"?>
<!-- Generated by org.testng.reporters.JUnitReportReporter -->
<testsuite hostname="PROTOTYPE-Z" failures="0" tests="3" name="com.NavigationCommands.BrowserNavigationTest" time="55.270" errors="0" timestamp="2026-07-15T12:11:35 IST" skipped="0">
  <testcase classname="com.NavigationCommands.BrowserNavigationTest" name="NavigationTest" time="19.633"/>
  <testcase classname="com.NavigationCommands.BrowserNavigationTest" name="NavigationTest" time="16.797"/>
  <testcase classname="com.NavigationCommands.BrowserNavigationTest" name="NavigationTest" time="18.840"/>
</testsuite> <!-- com.NavigationCommands.BrowserNavigationTest -->
