<?xml version="1.0" encoding="UTF-8"?>
<!-- Generated by org.testng.reporters.JUnitReportReporter -->
<testsuite hostname="PROTOTYPE-Z" failures="0" tests="3" name="com.NavigationCommands.NavigationTest" time="25.890" errors="0" timestamp="2026-07-15T11:05:24 IST" skipped="0">
  <testcase classname="com.NavigationCommands.NavigationTest" name="ChromeTest" time="11.888"/>
  <testcase classname="com.NavigationCommands.NavigationTest" name="EdgeTest" time="5.244"/>
  <testcase classname="com.NavigationCommands.NavigationTest" name="FirefoxTest" time="8.758"/>
</testsuite> <!-- com.NavigationCommands.NavigationTest -->
