<?xml version="1.0" encoding="UTF-8"?>
<testng-results ignored="0" total="1" passed="1" failed="0" skipped="0">
  <reporter-output>
  </reporter-output>
  <suite started-at="2026-07-18T12:05:16 IST" name="Default suite" finished-at="2026-07-18T12:06:05 IST" duration-ms="49113">
    <groups>
    </groups>
    <test started-at="2026-07-18T12:05:16 IST" name="Default test" finished-at="2026-07-18T12:06:05 IST" duration-ms="49113">
      <class name="ScreenshotDemo.TestScreenShots1">
        <test-method signature="Browser()[pri:0, instance:ScreenshotDemo.TestScreenShots1@7c7b252e]" started-at="2026-07-18T12:05:16 IST" name="Browser" finished-at="2026-07-18T12:06:05 IST" duration-ms="49076" status="PASS">
          <reporter-output>
          </reporter-output>
        </test-method> <!-- Browser -->
      </class> <!-- ScreenshotDemo.TestScreenShots1 -->
    </test> <!-- Default test -->
  </suite> <!-- Default suite -->
</testng-results>
