<?xml version="1.0" encoding="UTF-8"?>
<testng-results ignored="0" total="1" passed="1" failed="0" skipped="0">
  <reporter-output>
  </reporter-output>
  <suite started-at="2026-07-20T09:32:29 IST" name="Default suite" finished-at="2026-07-20T09:33:12 IST" duration-ms="43017">
    <groups>
    </groups>
    <test started-at="2026-07-20T09:32:29 IST" name="Default test" finished-at="2026-07-20T09:33:12 IST" duration-ms="43017">
      <class name="ScreenshotDemo.CaseStudy">
        <test-method signature="PurchaseProduct()[pri:0, instance:ScreenshotDemo.CaseStudy@4d5d943d]" started-at="2026-07-20T09:32:29 IST" name="PurchaseProduct" finished-at="2026-07-20T09:33:12 IST" duration-ms="42977" status="PASS">
          <reporter-output>
          </reporter-output>
        </test-method> <!-- PurchaseProduct -->
      </class> <!-- ScreenshotDemo.CaseStudy -->
    </test> <!-- Default test -->
  </suite> <!-- Default suite -->
</testng-results>
