<?xml version="1.0" encoding="UTF-8"?>
<!-- Generated by org.testng.reporters.JUnitReportReporter -->
<testsuite hostname="PROTOTYPE-Z" failures="0" tests="3" name="com.WebDriverCommands.CaseStudy3" time="35.159" errors="0" timestamp="2026-07-21T11:02:31 IST" skipped="0">
  <testcase classname="com.WebDriverCommands.CaseStudy3" name="firefoxBrowserCommands" time="14.848"/>
  <testcase classname="com.WebDriverCommands.CaseStudy3" name="chromeBrowserCommands" time="12.780"/>
  <testcase classname="com.WebDriverCommands.CaseStudy3" name="edgeBrowserCommands" time="7.531"/>
</testsuite> <!-- com.WebDriverCommands.CaseStudy3 -->
