<?xml version="1.0" encoding="UTF-8"?>
<!-- Generated by org.testng.reporters.JUnitReportReporter -->
<testsuite hostname="PROTOTYPE-Z" failures="0" tests="3" name="com.WebDriverCommands.CaseStudy2" time="49.479" errors="0" timestamp="2026-07-21T11:02:31 IST" skipped="0">
  <testcase classname="com.WebDriverCommands.CaseStudy2" name="edgeBrowserCommands" time="12.168"/>
  <testcase classname="com.WebDriverCommands.CaseStudy2" name="firefoxBrowserCommands" time="12.783"/>
  <testcase classname="com.WebDriverCommands.CaseStudy2" name="chromeBrowserCommands" time="24.528"/>
</testsuite> <!-- com.WebDriverCommands.CaseStudy2 -->
