<?xml version="1.0" encoding="UTF-8"?>
<!-- Generated by org.testng.reporters.JUnitReportReporter -->
<testsuite hostname="PROTOTYPE-Z" failures="0" tests="3" name="com.WebDriverCommands.BrowserCommands" time="80.030" errors="0" timestamp="2026-07-21T11:02:31 IST" skipped="0">
  <testcase classname="com.WebDriverCommands.BrowserCommands" name="FireFoxBrowserTest" time="4.047"/>
  <testcase classname="com.WebDriverCommands.BrowserCommands" name="ChromeBrowserTest" time="5.819"/>
  <testcase classname="com.WebDriverCommands.BrowserCommands" name="EdgeBrowsertest" time="70.164"/>
</testsuite> <!-- com.WebDriverCommands.BrowserCommands -->
