<?xml version="1.0" encoding="UTF-8"?>
<testng-results ignored="0" total="3" passed="3" failed="0" skipped="0">
  <reporter-output>
  </reporter-output>
  <suite started-at="2026-07-15T12:10:40 IST" name="Browser Suite" finished-at="2026-07-15T12:11:35 IST" duration-ms="55329">
    <groups>
    </groups>
    <test started-at="2026-07-15T12:10:40 IST" name="Chrome Test" finished-at="2026-07-15T12:10:59 IST" duration-ms="18865">
      <class name="com.NavigationCommands.BrowserNavigationTest">
        <test-method is-config="true" signature="setup(java.lang.String)[pri:0, instance:com.NavigationCommands.BrowserNavigationTest@27ce24aa]" started-at="2026-07-15T12:10:40 IST" name="setup" finished-at="2026-07-15T12:10:43 IST" duration-ms="3264" status="PASS">
          <params>
            <param index="0">
              <value>
                <![CDATA[chrome]]>
              </value>
            </param>
          </params>
          <reporter-output>
          </reporter-output>
        </test-method> <!-- setup -->
        <test-method signature="NavigationTest()[pri:0, instance:com.NavigationCommands.BrowserNavigationTest@27ce24aa]" started-at="2026-07-15T12:10:43 IST" name="NavigationTest" finished-at="2026-07-15T12:10:59 IST" duration-ms="15441" status="PASS">
          <reporter-output>
          </reporter-output>
        </test-method> <!-- NavigationTest -->
        <test-method is-config="true" signature="tearDown()[pri:0, instance:com.NavigationCommands.BrowserNavigationTest@27ce24aa]" started-at="2026-07-15T12:10:59 IST" name="tearDown" finished-at="2026-07-15T12:10:59 IST" duration-ms="135" status="PASS">
          <reporter-output>
          </reporter-output>
        </test-method> <!-- tearDown -->
      </class> <!-- com.NavigationCommands.BrowserNavigationTest -->
    </test> <!-- Chrome Test -->
    <test started-at="2026-07-15T12:10:59 IST" name="Firefox Test" finished-at="2026-07-15T12:11:18 IST" duration-ms="19636">
      <class name="com.NavigationCommands.BrowserNavigationTest">
        <test-method is-config="true" signature="setup(java.lang.String)[pri:0, instance:com.NavigationCommands.BrowserNavigationTest@222545dc]" started-at="2026-07-15T12:10:59 IST" name="setup" finished-at="2026-07-15T12:11:01 IST" duration-ms="2418" status="PASS">
          <params>
            <param index="0">
              <value>
                <![CDATA[firefox]]>
              </value>
            </param>
          </params>
          <reporter-output>
          </reporter-output>
        </test-method> <!-- setup -->
        <test-method signature="NavigationTest()[pri:0, instance:com.NavigationCommands.BrowserNavigationTest@222545dc]" started-at="2026-07-15T12:11:01 IST" name="NavigationTest" finished-at="2026-07-15T12:11:18 IST" duration-ms="16791" status="PASS">
          <reporter-output>
          </reporter-output>
        </test-method> <!-- NavigationTest -->
        <test-method is-config="true" signature="tearDown()[pri:0, instance:com.NavigationCommands.BrowserNavigationTest@222545dc]" started-at="2026-07-15T12:11:18 IST" name="tearDown" finished-at="2026-07-15T12:11:18 IST" duration-ms="424" status="PASS">
          <reporter-output>
          </reporter-output>
        </test-method> <!-- tearDown -->
      </class> <!-- com.NavigationCommands.BrowserNavigationTest -->
    </test> <!-- Firefox Test -->
    <test started-at="2026-07-15T12:11:18 IST" name="Edge Test" finished-at="2026-07-15T12:11:35 IST" duration-ms="16799">
      <class name="com.NavigationCommands.BrowserNavigationTest">
        <test-method is-config="true" signature="setup(java.lang.String)[pri:0, instance:com.NavigationCommands.BrowserNavigationTest@16293aa2]" started-at="2026-07-15T12:11:18 IST" name="setup" finished-at="2026-07-15T12:11:20 IST" duration-ms="1105" status="PASS">
          <params>
            <param index="0">
              <value>
                <![CDATA[edge]]>
              </value>
            </param>
          </params>
          <reporter-output>
          </reporter-output>
        </test-method> <!-- setup -->
        <test-method signature="NavigationTest()[pri:0, instance:com.NavigationCommands.BrowserNavigationTest@16293aa2]" started-at="2026-07-15T12:11:20 IST" name="NavigationTest" finished-at="2026-07-15T12:11:35 IST" duration-ms="15447" status="PASS">
          <reporter-output>
          </reporter-output>
        </test-method> <!-- NavigationTest -->
        <test-method is-config="true" signature="tearDown()[pri:0, instance:com.NavigationCommands.BrowserNavigationTest@16293aa2]" started-at="2026-07-15T12:11:35 IST" name="tearDown" finished-at="2026-07-15T12:11:35 IST" duration-ms="245" status="PASS">
          <reporter-output>
          </reporter-output>
        </test-method> <!-- tearDown -->
      </class> <!-- com.NavigationCommands.BrowserNavigationTest -->
    </test> <!-- Edge Test -->
  </suite> <!-- Browser Suite -->
</testng-results>
