<?xml version="1.0" encoding="UTF-8"?>
<testng-results ignored="0" total="1" passed="1" failed="0" skipped="0">
  <reporter-output>
  </reporter-output>
  <suite started-at="2026-07-17T10:53:31 IST" name="Default suite" finished-at="2026-07-17T10:53:37 IST" duration-ms="5327">
    <groups>
    </groups>
    <test started-at="2026-07-17T10:53:31 IST" name="Default test" finished-at="2026-07-17T10:53:37 IST" duration-ms="5327">
      <class name="HandlingListBoxOrDropDownBoxItems.Demo1">
        <test-method is-config="true" signature="Setup()[pri:0, instance:HandlingListBoxOrDropDownBoxItems.Demo1@44c03695]" started-at="2026-07-17T10:53:31 IST" name="Setup" finished-at="2026-07-17T10:53:36 IST" duration-ms="4639" status="PASS">
          <reporter-output>
          </reporter-output>
        </test-method> <!-- Setup -->
        <test-method signature="DropDownList()[pri:0, instance:HandlingListBoxOrDropDownBoxItems.Demo1@44c03695]" started-at="2026-07-17T10:53:36 IST" name="DropDownList" finished-at="2026-07-17T10:53:37 IST" duration-ms="644" status="PASS">
          <reporter-output>
          </reporter-output>
        </test-method> <!-- DropDownList -->
      </class> <!-- HandlingListBoxOrDropDownBoxItems.Demo1 -->
    </test> <!-- Default test -->
  </suite> <!-- Default suite -->
</testng-results>
