<?xml version="1.0" encoding="UTF-8"?>
<!-- Generated by org.testng.reporters.JUnitXMLReporter -->
<testsuite ignored="0" hostname="PROTOTYPE-Z" failures="2" tests="15" name="Test" time="103.499" errors="0" timestamp="2026-07-21T10:25:59 IST">
  <testcase classname="com.WebDriverCommands.BrowserCommands" name="FireFoxBrowserTest" time="5.431"/>
  <testcase classname="com.WebDriverCommands.BrowserCommands" name="ChromeBrowserTest" time="5.585"/>
  <testcase classname="com.WebDriverCommands.BrowserCommands" name="EdgeBrowsertest" time="4.849"/>
  <testcase classname="com.WebDriverCommands.CaseStudy3" name="chromeBrowserCommands" time="12.522"/>
  <testcase classname="com.WebDriverCommands.CaseStudy3" name="edgeBrowserCommands" time="8.108"/>
  <testcase classname="com.WebDriverCommands.CaseStudy3" name="firefoxBrowserCommands" time="12.94"/>
  <testcase classname="com.WebDriverCommands.CaseStudy2" name="chromeBrowserCommands" time="9.234"/>
  <testcase classname="com.WebDriverCommands.CaseStudy2" name="edgeBrowserCommands" time="8.07"/>
  <testcase classname="com.WebDriverCommands.CaseStudy2" name="firefoxBrowserCommands" time="13.664"/>
  <testcase classname="com.WebDriverCommands.CaseStudy7" name="headlessBrowserCommands" time="1.963">
    <failure type="java.nio.file.FileAlreadyExistsException" message="Screenshots\HeadlessHomePage.png">
      <![CDATA[java.nio.file.FileAlreadyExistsException: Screenshots\HeadlessHomePage.png
at java.base/sun.nio.fs.WindowsFileCopy.copy(WindowsFileCopy.java:133)
at java.base/sun.nio.fs.WindowsFileSystemProvider.copy(WindowsFileSystemProvider.java:282)
at java.base/java.nio.file.Files.copy(Files.java:1305)
at com.WebDriverCommands.CaseStudy7.headlessBrowserCommands(CaseStudy7.java:39)
at java.base/java.util.ArrayList.forEach(ArrayList.java:1596)
... Removed 25 stack frames]]>
    </failure>
  </testcase> <!-- headlessBrowserCommands -->
  <testcase classname="com.WebDriverCommands.CaseStudy6" name="chromeBrowserCommands" time="1.422">
    <failure type="java.nio.file.FileAlreadyExistsException" message="Screenshots\WebkulHomePage.png">
      <![CDATA[java.nio.file.FileAlreadyExistsException: Screenshots\WebkulHomePage.png
at java.base/sun.nio.fs.WindowsFileCopy.copy(WindowsFileCopy.java:133)
at java.base/sun.nio.fs.WindowsFileSystemProvider.copy(WindowsFileSystemProvider.java:282)
at java.base/java.nio.file.Files.copy(Files.java:1305)
at com.WebDriverCommands.CaseStudy6.chromeBrowserCommands(CaseStudy6.java:35)
at java.base/java.util.ArrayList.forEach(ArrayList.java:1596)
... Removed 25 stack frames]]>
    </failure>
  </testcase> <!-- chromeBrowserCommands -->
  <testcase classname="com.WebDriverCommands.CaseStudy5" name="chromeBrowserCommands" time="4.956"/>
  <testcase classname="com.WebDriverCommands.CaseStudy4" name="chromeBrowserCommands" time="2.896"/>
  <testcase classname="com.WebDriverCommands.CaseStudy4" name="edgeBrowserCommands" time="3.07"/>
  <testcase classname="com.WebDriverCommands.CaseStudy4" name="firefoxBrowserCommands" time="8.612"/>
</testsuite> <!-- Test -->
