<?xml version="1.0" encoding="UTF-8"?>
<!-- Generated by org.testng.reporters.JUnitXMLReporter -->
<testsuite ignored="0" hostname="PROTOTYPE-Z" failures="2" tests="15" name="Test" time="110.153" errors="0" timestamp="2026-07-20T15:26:53 IST">
  <testcase classname="com.WebDriverCommands.BrowserCommands" name="FireFoxBrowserTest" time="5.401"/>
  <testcase classname="com.WebDriverCommands.BrowserCommands" name="ChromeBrowserTest" time="2.557"/>
  <testcase classname="com.WebDriverCommands.BrowserCommands" name="EdgeBrowsertest" time="5.711"/>
  <testcase classname="com.WebDriverCommands.CaseStudy3" name="chromeBrowserCommands" time="15.449"/>
  <testcase classname="com.WebDriverCommands.CaseStudy3" name="edgeBrowserCommands" time="7.883"/>
  <testcase classname="com.WebDriverCommands.CaseStudy3" name="firefoxBrowserCommands" time="10.04"/>
  <testcase classname="com.WebDriverCommands.CaseStudy2" name="chromeBrowserCommands" time="8.962"/>
  <testcase classname="com.WebDriverCommands.CaseStudy2" name="edgeBrowserCommands" time="7.011"/>
  <testcase classname="com.WebDriverCommands.CaseStudy2" name="firefoxBrowserCommands" time="11.142"/>
  <testcase classname="com.WebDriverCommands.CaseStudy7" name="headlessBrowserCommands" time="1.797">
    <failure type="java.nio.file.FileAlreadyExistsException" message="Screenshots\HeadlessHomePage.png">
      <![CDATA[java.nio.file.FileAlreadyExistsException: Screenshots\HeadlessHomePage.png
at java.base/sun.nio.fs.WindowsFileCopy.copy(WindowsFileCopy.java:133)
at java.base/sun.nio.fs.WindowsFileSystemProvider.copy(WindowsFileSystemProvider.java:282)
at java.base/java.nio.file.Files.copy(Files.java:1305)
at com.WebDriverCommands.CaseStudy7.headlessBrowserCommands(CaseStudy7.java:39)
at java.base/java.util.ArrayList.forEach(ArrayList.java:1596)
... Removed 25 stack frames]]>
    </failure>
  </testcase> <!-- headlessBrowserCommands -->
  <testcase classname="com.WebDriverCommands.CaseStudy6" name="chromeBrowserCommands" time="1.48">
    <failure type="java.nio.file.FileAlreadyExistsException" message="Screenshots\WebkulHomePage.png">
      <![CDATA[java.nio.file.FileAlreadyExistsException: Screenshots\WebkulHomePage.png
at java.base/sun.nio.fs.WindowsFileCopy.copy(WindowsFileCopy.java:133)
at java.base/sun.nio.fs.WindowsFileSystemProvider.copy(WindowsFileSystemProvider.java:282)
at java.base/java.nio.file.Files.copy(Files.java:1305)
at com.WebDriverCommands.CaseStudy6.chromeBrowserCommands(CaseStudy6.java:35)
at java.base/java.util.ArrayList.forEach(ArrayList.java:1596)
... Removed 25 stack frames]]>
    </failure>
  </testcase> <!-- chromeBrowserCommands -->
  <testcase classname="com.WebDriverCommands.CaseStudy5" name="chromeBrowserCommands" time="5.898"/>
  <testcase classname="com.WebDriverCommands.CaseStudy4" name="chromeBrowserCommands" time="4.124"/>
  <testcase classname="com.WebDriverCommands.CaseStudy4" name="edgeBrowserCommands" time="2.877"/>
  <testcase classname="com.WebDriverCommands.CaseStudy4" name="firefoxBrowserCommands" time="19.631"/>
</testsuite> <!-- Test -->
