<?xml version="1.0" encoding="UTF-8"?>
<testng-results ignored="0" total="1" passed="1" failed="0" skipped="0">
  <reporter-output>
  </reporter-output>
  <suite started-at="2026-07-18T14:21:17 IST" name="Default suite" finished-at="2026-07-18T14:21:20 IST" duration-ms="3023">
    <groups>
    </groups>
    <test started-at="2026-07-18T14:21:17 IST" name="Default test" finished-at="2026-07-18T14:21:20 IST" duration-ms="3023">
      <class name="com.easyCalculations.TestCases.ExecuteLoginPages">
        <test-method signature="CheckValidUser()[pri:0, instance:com.easyCalculations.TestCases.ExecuteLoginPages@29d80d2b]" started-at="2026-07-18T14:21:17 IST" name="CheckValidUser" finished-at="2026-07-18T14:21:20 IST" duration-ms="2939" status="PASS">
          <reporter-output>
          </reporter-output>
        </test-method> <!-- CheckValidUser -->
      </class> <!-- com.easyCalculations.TestCases.ExecuteLoginPages -->
    </test> <!-- Default test -->
  </suite> <!-- Default suite -->
</testng-results>
