<?xml version="1.0" encoding="UTF-8"?>
<testng-results ignored="0" total="1" passed="1" failed="0" skipped="0">
  <reporter-output>
  </reporter-output>
  <suite started-at="2026-07-18T10:23:28 IST" name="Default suite" finished-at="2026-07-18T10:24:55 IST" duration-ms="87018">
    <groups>
    </groups>
    <test started-at="2026-07-18T10:23:28 IST" name="Default test" finished-at="2026-07-18T10:24:55 IST" duration-ms="87018">
      <class name="com.Radio.buttons.RadioButtonTest">
        <test-method signature="RadioTest()[pri:0, instance:com.Radio.buttons.RadioButtonTest@459e9125]" started-at="2026-07-18T10:23:28 IST" name="RadioTest" finished-at="2026-07-18T10:24:55 IST" duration-ms="86987" status="PASS">
          <reporter-output>
          </reporter-output>
        </test-method> <!-- RadioTest -->
      </class> <!-- com.Radio.buttons.RadioButtonTest -->
    </test> <!-- Default test -->
  </suite> <!-- Default suite -->
</testng-results>
