<?xml version="1.0" encoding="UTF-8"?>
<!-- Generated by org.testng.reporters.JUnitReportReporter -->
<testsuite hostname="PROTOTYPE-Z" failures="0" tests="2" name="com.SeleniumWebDriver.LocatorDemo.FindElementsByLinks" time="29.616" errors="0" timestamp="2026-07-16T11:16:21 IST" skipped="0">
  <testcase classname="com.SeleniumWebDriver.LocatorDemo.FindElementsByLinks" name="findeElementById" time="14.302"/>
  <testcase classname="com.SeleniumWebDriver.LocatorDemo.FindElementsByLinks" name="TestDemo" time="15.314"/>
</testsuite> <!-- com.SeleniumWebDriver.LocatorDemo.FindElementsByLinks -->
